19-Dec-2019 21:18:11.864 信息 [Thread-5] org.apache.coyote.AbstractProtocol.pause Pausing ProtocolHandler ["http-nio-8080"]
19-Dec-2019 21:18:11.895 信息 [Thread-5] org.apache.coyote.AbstractProtocol.pause Pausing ProtocolHandler ["ajp-nio-8009"]
19-Dec-2019 21:18:11.926 信息 [Thread-5] org.apache.catalina.core.StandardService.stopInternal Stopping service [Catalina]
19-Dec-2019 21:18:11.989 警告 [localhost-startStop-2] org.apache.catalina.loader.WebappClassLoaderBase.clearReferencesJdbc The web application [ROOT] registered the JDBC driver [com.mysql.jdbc.Driver] but failed to unregister it when the web application was stopped. To prevent a memory leak, the JDBC Driver has been forcibly unregistered.
19-Dec-2019 21:18:11.989 警告 [localhost-startStop-2] org.apache.catalina.loader.WebappClassLoaderBase.clearReferencesThreads The web application [ROOT] appears to have started a thread named [Abandoned connection cleanup thread] but has failed to stop it. This is very likely to create a memory leak. Stack trace of thread:
 java.lang.Object.wait(Native Method)
 java.lang.ref.ReferenceQueue.remove(ReferenceQueue.java:144)
 com.mysql.jdbc.AbandonedConnectionCleanupThread.run(AbandonedConnectionCleanupThread.java:43)
19-Dec-2019 21:18:12.020 警告 [localhost-startStop-2] org.apache.catalina.loader.WebappClassLoaderBase.clearReferencesJdbc The web application [fly-0.0.1-SNAPSHOT] registered the JDBC driver [com.mysql.jdbc.Driver] but failed to unregister it when the web application was stopped. To prevent a memory leak, the JDBC Driver has been forcibly unregistered.
19-Dec-2019 21:18:12.020 警告 [localhost-startStop-2] org.apache.catalina.loader.WebappClassLoaderBase.clearReferencesThreads The web application [fly-0.0.1-SNAPSHOT] appears to have started a thread named [Abandoned connection cleanup thread] but has failed to stop it. This is very likely to create a memory leak. Stack trace of thread:
 java.lang.Object.wait(Native Method)
 java.lang.ref.ReferenceQueue.remove(ReferenceQueue.java:144)
 com.mysql.jdbc.AbandonedConnectionCleanupThread.run(AbandonedConnectionCleanupThread.java:43)
19-Dec-2019 21:18:12.020 信息 [Thread-5] org.apache.coyote.AbstractProtocol.stop Stopping ProtocolHandler ["http-nio-8080"]
19-Dec-2019 21:18:12.020 信息 [Thread-5] org.apache.coyote.AbstractProtocol.stop Stopping ProtocolHandler ["ajp-nio-8009"]
19-Dec-2019 21:18:12.036 信息 [Thread-5] org.apache.coyote.AbstractProtocol.destroy Destroying ProtocolHandler ["http-nio-8080"]
19-Dec-2019 21:18:12.036 信息 [Thread-5] org.apache.coyote.AbstractProtocol.destroy Destroying ProtocolHandler ["ajp-nio-8009"]
19-Dec-2019 21:21:51.541 警告 [main] org.apache.catalina.core.StandardContext.setPath A context path must either be an empty string or start with a '/' and do not end with a '/'. The path [/] does not meet these criteria and has been changed to []
19-Dec-2019 21:21:51.572 信息 [main] org.apache.catalina.startup.VersionLoggerListener.log Server version:        Apache Tomcat/8.5.43
19-Dec-2019 21:21:51.572 信息 [main] org.apache.catalina.startup.VersionLoggerListener.log Server built:          Jul 4 2019 20:53:15 UTC
19-Dec-2019 21:21:51.572 信息 [main] org.apache.catalina.startup.VersionLoggerListener.log Server number:         8.5.43.0
19-Dec-2019 21:21:51.572 信息 [main] org.apache.catalina.startup.VersionLoggerListener.log OS Name:               Windows Server 2008 R2
19-Dec-2019 21:21:51.572 信息 [main] org.apache.catalina.startup.VersionLoggerListener.log OS Version:            6.1
19-Dec-2019 21:21:51.572 信息 [main] org.apache.catalina.startup.VersionLoggerListener.log Architecture:          amd64
19-Dec-2019 21:21:51.572 信息 [main] org.apache.catalina.startup.VersionLoggerListener.log Java Home:             C:\Tools\jdk1.8.0_181\jdk\jre
19-Dec-2019 21:21:51.572 信息 [main] org.apache.catalina.startup.VersionLoggerListener.log JVM Version:           1.8.0_181-b13
19-Dec-2019 21:21:51.588 信息 [main] org.apache.catalina.startup.VersionLoggerListener.log JVM Vendor:            Oracle Corporation
19-Dec-2019 21:21:51.588 信息 [main] org.apache.catalina.startup.VersionLoggerListener.log CATALINA_BASE:         C:\Tools\apache-tomcat-8.5.43
19-Dec-2019 21:21:51.588 信息 [main] org.apache.catalina.startup.VersionLoggerListener.log CATALINA_HOME:         C:\Tools\apache-tomcat-8.5.43
19-Dec-2019 21:21:51.588 信息 [main] org.apache.catalina.startup.VersionLoggerListener.log Command line argument: -Djava.util.logging.config.file=C:\Tools\apache-tomcat-8.5.43\conf\logging.properties
19-Dec-2019 21:21:51.588 信息 [main] org.apache.catalina.startup.VersionLoggerListener.log Command line argument: -Djava.util.logging.manager=org.apache.juli.ClassLoaderLogManager
19-Dec-2019 21:21:51.588 信息 [main] org.apache.catalina.startup.VersionLoggerListener.log Command line argument: -Djdk.tls.ephemeralDHKeySize=2048
19-Dec-2019 21:21:51.588 信息 [main] org.apache.catalina.startup.VersionLoggerListener.log Command line argument: -Djava.protocol.handler.pkgs=org.apache.catalina.webresources
19-Dec-2019 21:21:51.588 信息 [main] org.apache.catalina.startup.VersionLoggerListener.log Command line argument: -Dignore.endorsed.dirs=
19-Dec-2019 21:21:51.603 信息 [main] org.apache.catalina.startup.VersionLoggerListener.log Command line argument: -Dcatalina.base=C:\Tools\apache-tomcat-8.5.43
19-Dec-2019 21:21:51.603 信息 [main] org.apache.catalina.startup.VersionLoggerListener.log Command line argument: -Dcatalina.home=C:\Tools\apache-tomcat-8.5.43
19-Dec-2019 21:21:51.603 信息 [main] org.apache.catalina.startup.VersionLoggerListener.log Command line argument: -Djava.io.tmpdir=C:\Tools\apache-tomcat-8.5.43\temp
19-Dec-2019 21:21:51.603 信息 [main] org.apache.catalina.core.AprLifecycleListener.lifecycleEvent Loaded APR based Apache Tomcat Native library [1.2.23] using APR version [1.7.0].
19-Dec-2019 21:21:51.603 信息 [main] org.apache.catalina.core.AprLifecycleListener.lifecycleEvent APR capabilities: IPv6 [true], sendfile [true], accept filters [false], random [true].
19-Dec-2019 21:21:51.603 信息 [main] org.apache.catalina.core.AprLifecycleListener.lifecycleEvent APR/OpenSSL configuration: useAprConnector [false], useOpenSSL [true]
19-Dec-2019 21:21:51.619 信息 [main] org.apache.catalina.core.AprLifecycleListener.initializeSSL OpenSSL successfully initialized [OpenSSL 1.1.1c  28 May 2019]
19-Dec-2019 21:21:51.947 信息 [main] org.apache.coyote.AbstractProtocol.init Initializing ProtocolHandler ["http-nio-8080"]
19-Dec-2019 21:21:52.103 信息 [main] org.apache.tomcat.util.net.NioSelectorPool.getSharedSelector Using a shared selector for servlet write/read
19-Dec-2019 21:21:52.166 信息 [main] org.apache.coyote.AbstractProtocol.init Initializing ProtocolHandler ["ajp-nio-8009"]
19-Dec-2019 21:21:52.181 信息 [main] org.apache.tomcat.util.net.NioSelectorPool.getSharedSelector Using a shared selector for servlet write/read
19-Dec-2019 21:21:52.181 信息 [main] org.apache.catalina.startup.Catalina.load Initialization processed in 1368 ms
19-Dec-2019 21:21:52.213 信息 [main] org.apache.catalina.core.StandardService.startInternal Starting service [Catalina]
19-Dec-2019 21:21:52.213 信息 [main] org.apache.catalina.core.StandardEngine.startInternal Starting Servlet Engine: Apache Tomcat/8.5.43
19-Dec-2019 21:21:58.916 信息 [localhost-startStop-1] org.apache.jasper.servlet.TldScanner.scanJars At least one JAR was scanned for TLDs yet contained no TLDs. Enable debug logging for this logger for a complete list of JARs that were scanned but no TLDs were found in them. Skipping unneeded JARs during scanning can improve startup time and JSP compilation time.
19-Dec-2019 21:22:00.931 信息 [localhost-startStop-1] org.apache.catalina.startup.HostConfig.deployWAR Deploying web application archive [C:\Tools\apache-tomcat-8.5.43\webapps\fly-0.0.1-SNAPSHOT.war]
19-Dec-2019 21:22:05.431 信息 [localhost-startStop-1] org.apache.jasper.servlet.TldScanner.scanJars At least one JAR was scanned for TLDs yet contained no TLDs. Enable debug logging for this logger for a complete list of JARs that were scanned but no TLDs were found in them. Skipping unneeded JARs during scanning can improve startup time and JSP compilation time.
19-Dec-2019 21:22:07.494 信息 [localhost-startStop-1] org.apache.catalina.startup.HostConfig.deployWAR Deployment of web application archive [C:\Tools\apache-tomcat-8.5.43\webapps\fly-0.0.1-SNAPSHOT.war] has finished in [6,547] ms
19-Dec-2019 21:22:07.509 信息 [main] org.apache.coyote.AbstractProtocol.start Starting ProtocolHandler ["http-nio-8080"]
19-Dec-2019 21:22:07.509 信息 [main] org.apache.coyote.AbstractProtocol.start Starting ProtocolHandler ["ajp-nio-8009"]
19-Dec-2019 21:22:07.509 信息 [main] org.apache.catalina.startup.Catalina.start Server startup in 15333 ms
